<?xml version="1.0" encoding="UTF-8"?>
<!-- Generated by org.testng.reporters.JUnitXMLReporter -->
<testsuite ignored="0" hostname="Masum" failures="0" tests="2" name="Test" time="23.15" errors="0" timestamp="2025-09-24T21:42:23 IST">
  <testcase classname="com.automationexercise.testCase.AddProductsInCartTestCase" name="AddProductsInCartTestCase_01" time="3.57"/>
  <testcase classname="com.automationexercise.testCase.AddProductsInCartTestCase" name="AddProductsInCartTestCase_02" time="12.996"/>
</testsuite> <!-- Test -->
