<?xml version="1.0" encoding="UTF-8"?>
<!-- Generated by org.testng.reporters.JUnitXMLReporter -->
<testsuite ignored="0" hostname="Masum" failures="0" tests="2" name="Test" time="19.963" errors="0" timestamp="2024-10-02T15:10:36 IST">
  <testcase classname="com.automationexercise.testCase.AddProductsInCartTestCase" name="AddProductsInCartTestCase_01" time="2.126"/>
  <testcase classname="com.automationexercise.testCase.AddProductsInCartTestCase" name="AddProductsInCartTestCase_02" time="12.477"/>
</testsuite> <!-- Test -->
