<?xml version="1.0" encoding="UTF-8"?>
<testng-results ignored="0" total="2" passed="2" failed="0" skipped="0">
  <reporter-output>
  </reporter-output>
  <suite started-at="2025-09-24T21:22:08 IST" name="Suite" finished-at="2025-09-24T21:23:58 IST" duration-ms="110638">
    <groups>
    </groups>
    <test started-at="2025-09-24T21:22:08 IST" name="Test" finished-at="2025-09-24T21:23:58 IST" duration-ms="110638">
      <class name="com.automationexercise.testCase.AddProductsInCartTestCase">
        <test-method is-config="true" signature="setup(java.lang.String)[pri:0, instance:com.automationexercise.testCase.AddProductsInCartTestCase@528c868]" started-at="2025-09-24T21:22:08 IST" name="setup" finished-at="2025-09-24T21:22:39 IST" duration-ms="31202" status="PASS">
          <params>
            <param index="0">
              <value>
                <![CDATA[chrome]]>
              </value>
            </param>
          </params>
          <reporter-output>
          </reporter-output>
        </test-method> <!-- setup -->
        <test-method signature="AddProductsInCartTestCase_01()[pri:0, instance:com.automationexercise.testCase.AddProductsInCartTestCase@528c868]" started-at="2025-09-24T21:22:39 IST" name="AddProductsInCartTestCase_01" finished-at="2025-09-24T21:23:05 IST" duration-ms="26165" status="PASS">
          <reporter-output>
          </reporter-output>
        </test-method> <!-- AddProductsInCartTestCase_01 -->
        <test-method signature="AddProductsInCartTestCase_02()[pri:0, instance:com.automationexercise.testCase.AddProductsInCartTestCase@528c868]" started-at="2025-09-24T21:23:05 IST" name="AddProductsInCartTestCase_02" finished-at="2025-09-24T21:23:57 IST" duration-ms="52154" status="PASS">
          <reporter-output>
          </reporter-output>
        </test-method> <!-- AddProductsInCartTestCase_02 -->
        <test-method is-config="true" signature="tearDown()[pri:0, instance:com.automationexercise.testCase.AddProductsInCartTestCase@528c868]" started-at="2025-09-24T21:23:58 IST" name="tearDown" finished-at="2025-09-24T21:23:58 IST" duration-ms="693" status="PASS">
          <reporter-output>
          </reporter-output>
        </test-method> <!-- tearDown -->
      </class> <!-- com.automationexercise.testCase.AddProductsInCartTestCase -->
    </test> <!-- Test -->
  </suite> <!-- Suite -->
</testng-results>
