<?xml version="1.0" encoding="UTF-8"?>
<!-- Generated by org.testng.reporters.JUnitReportReporter -->
<testsuite hostname="Masum" failures="0" tests="2" name="com.automationexercise.testCase.AddProductsInCartTestCase" time="17.393" errors="0" timestamp="2025-09-24T21:45:52 IST" skipped="0">
  <testcase classname="com.automationexercise.testCase.AddProductsInCartTestCase" name="AddProductsInCartTestCase_01" time="3.957"/>
  <testcase classname="com.automationexercise.testCase.AddProductsInCartTestCase" name="AddProductsInCartTestCase_02" time="13.436"/>
</testsuite> <!-- com.automationexercise.testCase.AddProductsInCartTestCase -->
