<?xml version="1.0" encoding="UTF-8"?>
<!-- Generated by org.testng.reporters.JUnitReportReporter -->
<testsuite hostname="Masum" failures="0" tests="2" name="com.automationexercise.testCase.AddProductsInCartTestCase" time="16.566" errors="0" timestamp="2025-09-24T21:42:23 IST" skipped="0">
  <testcase classname="com.automationexercise.testCase.AddProductsInCartTestCase" name="AddProductsInCartTestCase_01" time="3.570"/>
  <testcase classname="com.automationexercise.testCase.AddProductsInCartTestCase" name="AddProductsInCartTestCase_02" time="12.996"/>
</testsuite> <!-- com.automationexercise.testCase.AddProductsInCartTestCase -->
